<?xml version="1.0" encoding="UTF-8"?>
<!-- Generated by org.testng.reporters.JUnitReportReporter -->
<testsuite hostname="HP" failures="0" tests="1" name="com.dcpl.testcase.LoginPageTest" time="72.499" errors="0" timestamp="2022-11-06T22:36:14 IST" skipped="0">
  <testcase classname="com.dcpl.testcase.LoginPageTest" name="loginTest" time="72.499"/>
  <system-out/>
</testsuite> <!-- com.dcpl.testcase.LoginPageTest -->
